  

                                        SAOi Algorithm with Subsolver 25 for Problem: Topology SAND           

--------------------------------------------------------------------------------------------------------------------------------------------------
   Outer Inner   Function val  Max viol  S       dml      Qual       kkt     xnorm      Frel      ActLo      ActHi       ActC  Message      CPU(s)
--------------------------------------------------------------------------------------------------------------------------------------------------
      0      0  5.7088359E+00  5.00E-05 F
      1      0  5.6778169E+00  2.30E-03 FF  1.00E-02  2.04E+00  4.47E-01  1.78E-01  4.62E-03          0          0       1928      -16        4.40
      2      0  5.4127091E+00  1.60E-01 FF  1.00E-02  1.43E+00  3.98E+00  1.64E+00  3.97E-02          0          0       1129        0        8.60
      3      0  5.4114125E+00  4.17E-02 FF  1.00E-02 -3.04E-02  1.49E+00  9.67E-01  2.02E-04          0          0       1193      -16       12.89
      4      0  5.3517119E+00  1.93E-01 FF  1.00E-02  2.98E+00  1.57E+00  1.31E+00  9.31E-03          0          0       1148      -16       16.13
      5      0  5.3314346E+00  2.17E-01 FF  1.00E-02 -1.72E+00  8.80E-01  9.54E-01  3.19E-03          0          0       1113      -16       13.43
      6      0  5.3588974E+00  5.73E-02 FF  1.00E-02  4.93E-01  4.27E-01  5.37E-01 -4.34E-03          0          0       1170      -16        7.16
      7      0  5.3828285E+00  3.54E-03 FF  1.00E-02  9.55E-01  1.35E-01  1.15E-01 -3.76E-03          0          0       1671      -16        6.90
      8      0  5.3820659E+00  3.80E-03 FF  1.00E-02  3.23E+01  1.17E-01  1.19E-01  1.19E-04          0          0       1799      -16       10.99
      9      0  5.3810549E+00  1.18E-02 FF  1.00E-02  4.53E+00  1.45E-01  1.40E-01  1.58E-04          0          0       1717      -16       11.07
     10      0  5.3796925E+00  3.28E-02 FF  1.00E-02 -5.88E+01  1.95E-01  1.40E-01  2.14E-04          0          0       1799      -16        7.21
     11      0  5.3807373E+00  1.23E-02 FF  1.00E-02  5.80E-01  1.18E-01  7.55E-02 -1.64E-04          0          0       2030      -16        3.92
     12      0  5.3814048E+00  1.86E-04 FF  1.00E-02  9.31E-01  2.06E-02  1.93E-02 -1.05E-04          0          0       2158      -16        3.84
     13      0  5.3810137E+00  8.88E-04 FF  1.00E-02  2.05E+00  7.78E-02  9.10E-02  6.13E-05          0          0       1904      -16       12.89
     14      0  5.3806712E+00  4.41E-03 FF  1.00E-02  2.59E+00  1.36E-01  1.49E-01  5.37E-05          0          0       1769      -16       14.80
     15      1  5.3795169E+00  3.84E-02 FF  5.00E-03  2.04E+00  2.90E-01  2.03E-01  1.81E-04          0          0       1650      -16       34.53
     16      0  5.3774924E+00  4.12E-02 FF  1.00E-02 -1.62E+00  2.85E-01  1.72E-01  3.17E-04          0          0       1744      -16        6.70
     17      0  5.3807657E+00  2.19E-03 FF  1.00E-02  9.72E-01  4.52E-02  2.83E-02 -5.13E-04          0          0       2133      -16        4.52
     18      0  5.3808391E+00  5.41E-05 FT  1.00E-02  9.20E-01  9.24E-03  7.80E-03 -1.15E-05          0          0       2158      -16        3.84
     19      2  5.3803466E+00  1.59E-02 FT  2.50E-03  1.00E+00  7.69E-01  1.01E+00  7.72E-05          0          0       1108      -16       63.98
     20      0  5.3988095E+00  3.06E-05 FT  1.00E-02  8.74E-01  3.24E-01  1.65E-02 -2.89E-03          0          0       2169        0        3.52
     21      0  5.2004888E+00  3.46E-01 FT  1.00E-02  1.00E+00  3.99E+00  4.29E+00  3.10E-02          0          0       1099      -16       12.84
     22      9  5.3168476E+00  3.06E-01 FT  1.95E-05  3.60E-01  3.35E+01  9.43E-02 -1.88E-02          0          0       1099       -5      125.70
     23      6  6.2107600E+00  1.33E-03 FT  1.56E-04  3.39E-02  7.62E+01  7.12E-01 -1.42E-01          0          0       1156      -16       19.60
     24      0  6.2073402E+00  8.93E-06 TT  1.00E-02  6.16E+00  6.01E-01  9.54E-03  4.74E-04          0          0       2176      -16        1.63
     25      0  4.4111460E+00  3.18E-01 FT  1.00E-02  1.00E+00  4.58E+00  4.83E+00  2.49E-01          0          0       1085      -16        5.86
     26      6  5.3498318E+00  2.68E-02 FT  1.56E-04  2.28E-02  3.04E+04  7.51E-01 -1.73E-01          0          0       1097       -5       39.47
     27      2  5.4225351E+00  7.92E-12 TT  2.50E-03  1.70E+01  9.60E-01  1.53E+01 -1.14E-02          0          0       2176      -16       29.09
     28      0  5.4223619E+00  5.04E-07 TT  1.00E-02  2.00E+00  8.66E-02  1.99E-03  2.70E-05          0          0       2176      -16        1.71
